<?xml version="1.0" encoding="UTF-8"?>
<testng-results ignored="0" total="1" passed="1" failed="0" skipped="0">
  <reporter-output>
  </reporter-output>
  <suite started-at="2024-02-01T11:25:41 IST" name="Default suite" finished-at="2024-02-01T11:25:48 IST" duration-ms="6387">
    <groups>
    </groups>
    <test started-at="2024-02-01T11:25:41 IST" name="Default test" finished-at="2024-02-01T11:25:48 IST" duration-ms="6387">
      <class name="POM.executedws">
        <test-method signature="receiver()[pri:0, instance:POM.executedws@bd4dc25]" started-at="2024-02-01T11:25:42 IST" name="receiver" finished-at="2024-02-01T11:25:48 IST" duration-ms="6350" status="PASS">
          <reporter-output>
          </reporter-output>
        </test-method> <!-- receiver -->
      </class> <!-- POM.executedws -->
    </test> <!-- Default test -->
  </suite> <!-- Default suite -->
</testng-results>
